2026-04-02T21:49:07.030+08:00  INFO 42800 --- [sportinfo] [main] c.w.a.sportinfo.SportinfoApplication     : Starting SportinfoApplication using Java 21.0.7 with PID 42800 (E:\Project\IntelliJProject\sportinfo\target\classes started by Lon in E:\Project\IntelliJProject\sportinfo)
2026-04-02T21:49:07.033+08:00 DEBUG 42800 --- [sportinfo] [main] c.w.a.sportinfo.SportinfoApplication     : Running with Spring Boot v4.0.3, Spring v7.0.5
2026-04-02T21:49:07.034+08:00  INFO 42800 --- [sportinfo] [main] c.w.a.sportinfo.SportinfoApplication     : No active profile set, falling back to 1 default profile: "default"
2026-04-02T21:49:07.628+08:00  INFO 42800 --- [sportinfo] [main] o.s.boot.tomcat.TomcatWebServer          : Tomcat initialized with port 8080 (http)
2026-04-02T21:49:07.637+08:00  INFO 42800 --- [sportinfo] [main] o.apache.catalina.core.StandardService   : Starting service [Tomcat]
2026-04-02T21:49:07.637+08:00  INFO 42800 --- [sportinfo] [main] o.apache.catalina.core.StandardEngine    : Starting Servlet engine: [Apache Tomcat/11.0.18]
2026-04-02T21:49:07.672+08:00  INFO 42800 --- [sportinfo] [main] b.w.c.s.WebApplicationContextInitializer : Root WebApplicationContext: initialization completed in 615 ms
2026-04-02T21:49:07.788+08:00  INFO 42800 --- [sportinfo] [main] o.s.v.b.OptionalValidatorFactoryBean     : Failed to set up a Bean Validation provider: jakarta.validation.NoProviderFoundException: Unable to create a Configuration, because no Jakarta Validation provider could be found. Add a provider like Hibernate Validator (RI) to your classpath.
2026-04-02T21:49:07.952+08:00  INFO 42800 --- [sportinfo] [main] o.s.boot.tomcat.TomcatWebServer          : Tomcat started on port 8080 (http) with context path '/'
2026-04-02T21:49:07.954+08:00  INFO 42800 --- [sportinfo] [main] c.w.a.sportinfo.SportinfoApplication     : Started SportinfoApplication in 1.206 seconds (process running for 1.453)
2026-04-02T21:49:34.578+08:00  INFO 42800 --- [sportinfo] [http-nio-8080-exec-1] o.a.c.c.C.[Tomcat].[localhost].[/]       : Initializing Spring DispatcherServlet 'dispatcherServlet'
2026-04-02T21:49:34.579+08:00  INFO 42800 --- [sportinfo] [http-nio-8080-exec-1] o.s.web.servlet.DispatcherServlet        : Initializing Servlet 'dispatcherServlet'
2026-04-02T21:49:34.580+08:00  INFO 42800 --- [sportinfo] [http-nio-8080-exec-1] o.s.web.servlet.DispatcherServlet        : Completed initialization in 1 ms
2026-04-02T21:49:34.626+08:00  INFO 42800 --- [sportinfo] [http-nio-8080-exec-1] c.w.a.s.controller.MlbTeamController     : 收到查詢球隊名單請求，Team ID: 119
2026-04-02T21:49:34.626+08:00 DEBUG 42800 --- [sportinfo] [http-nio-8080-exec-1] c.w.a.s.service.MlbRosterService         : 開始查詢球隊 119 的名單
2026-04-02T21:49:35.730+08:00  INFO 42800 --- [sportinfo] [http-nio-8080-exec-3] c.w.a.s.controller.MlbTeamController     : 收到查詢球隊名單請求，Team ID: 119
2026-04-02T21:49:35.730+08:00 DEBUG 42800 --- [sportinfo] [http-nio-8080-exec-3] c.w.a.s.service.MlbRosterService         : 開始查詢球隊 119 的名單
2026-04-02T21:55:42.520+08:00  INFO 42800 --- [sportinfo] [http-nio-8080-exec-5] c.w.a.sportinfo.service.MlbStatsService  : Requesting Heatmap Data: https://statsapi.mlb.com/api/v1/people/660271?hydrate=stats(group=[hitting,pitching],type=[hotColdZones],season=2025)
2026-04-02T21:55:42.520+08:00  INFO 42800 --- [sportinfo] [http-nio-8080-exec-6] c.w.a.sportinfo.service.MlbStatsService  : Requesting MLB API: https://statsapi.mlb.com/api/v1/people/660271?hydrate=stats(group=[hitting,pitching,fielding],type=[season],season=2025)
2026-04-02T21:55:42.521+08:00  INFO 42800 --- [sportinfo] [http-nio-8080-exec-10] c.w.a.sportinfo.service.MlbStatsService  : Requesting ScatterPlot Data: https://statsapi.mlb.com/api/v1/people/660271?hydrate=stats(group=[hitting,pitching],type=[playLog,pitchLog],season=2025)
2026-04-02T21:55:44.899+08:00  WARN 42800 --- [sportinfo] [http-nio-8080-exec-10] c.w.a.sportinfo.service.MlbStatsService  : 解析後無數據點 (可能 API 未回傳 hitData)，切換至模擬數據顯示範例。Type=spray-chart
2026-04-02T21:55:48.734+08:00  INFO 42800 --- [sportinfo] [http-nio-8080-exec-7] c.w.a.sportinfo.service.MlbStatsService  : Requesting MLB API: https://statsapi.mlb.com/api/v1/people/606192?hydrate=stats(group=[hitting,pitching,fielding],type=[season],season=2025)
2026-04-02T21:55:48.734+08:00  INFO 42800 --- [sportinfo] [http-nio-8080-exec-1] c.w.a.sportinfo.service.MlbStatsService  : Requesting Heatmap Data: https://statsapi.mlb.com/api/v1/people/606192?hydrate=stats(group=[hitting,pitching],type=[hotColdZones],season=2025)
2026-04-02T21:55:48.735+08:00  INFO 42800 --- [sportinfo] [http-nio-8080-exec-3] c.w.a.sportinfo.service.MlbStatsService  : Requesting ScatterPlot Data: https://statsapi.mlb.com/api/v1/people/606192?hydrate=stats(group=[hitting,pitching],type=[playLog,pitchLog],season=2025)
2026-04-02T21:55:50.406+08:00  INFO 42800 --- [sportinfo] [http-nio-8080-exec-9] c.w.a.sportinfo.service.MlbStatsService  : Requesting MLB API: https://statsapi.mlb.com/api/v1/people/669289?hydrate=stats(group=[hitting,pitching,fielding],type=[season],season=2025)
2026-04-02T21:55:50.406+08:00  INFO 42800 --- [sportinfo] [http-nio-8080-exec-6] c.w.a.sportinfo.service.MlbStatsService  : Requesting ScatterPlot Data: https://statsapi.mlb.com/api/v1/people/669289?hydrate=stats(group=[hitting,pitching],type=[playLog,pitchLog],season=2025)
2026-04-02T21:55:50.406+08:00  INFO 42800 --- [sportinfo] [http-nio-8080-exec-8] c.w.a.sportinfo.service.MlbStatsService  : Requesting Heatmap Data: https://statsapi.mlb.com/api/v1/people/669289?hydrate=stats(group=[hitting,pitching],type=[hotColdZones],season=2025)
2026-04-02T21:55:51.237+08:00  WARN 42800 --- [sportinfo] [http-nio-8080-exec-3] c.w.a.sportinfo.service.MlbStatsService  : 解析後無數據點 (可能 API 未回傳 hitData)，切換至模擬數據顯示範例。Type=spray-chart
2026-04-02T21:55:51.911+08:00  WARN 42800 --- [sportinfo] [http-nio-8080-exec-6] c.w.a.sportinfo.service.MlbStatsService  : 解析後無數據點 (可能 API 未回傳 hitData)，切換至模擬數據顯示範例。Type=spray-chart
2026-04-02T21:56:24.636+08:00  INFO 42800 --- [sportinfo] [http-nio-8080-exec-4] c.w.a.sportinfo.service.MlbStatsService  : Requesting Heatmap Data: https://statsapi.mlb.com/api/v1/people/660271?hydrate=stats(group=[hitting,pitching],type=[hotColdZones],season=2025)
2026-04-02T21:56:24.637+08:00  INFO 42800 --- [sportinfo] [http-nio-8080-exec-2] c.w.a.sportinfo.service.MlbStatsService  : Requesting ScatterPlot Data: https://statsapi.mlb.com/api/v1/people/660271?hydrate=stats(group=[hitting,pitching],type=[playLog,pitchLog],season=2025)
2026-04-02T21:56:27.257+08:00  WARN 42800 --- [sportinfo] [http-nio-8080-exec-2] c.w.a.sportinfo.service.MlbStatsService  : 解析後無數據點 (可能 API 未回傳 hitData)，切換至模擬數據顯示範例。Type=spray-chart
2026-04-02T22:22:24.476+08:00  INFO 42800 --- [sportinfo] [SpringApplicationShutdownHook] o.s.boot.tomcat.GracefulShutdown         : Commencing graceful shutdown. Waiting for active requests to complete
2026-04-02T22:22:24.481+08:00  INFO 42800 --- [sportinfo] [tomcat-shutdown] o.s.boot.tomcat.GracefulShutdown         : Graceful shutdown complete
